> Task :gradle-plugin:compileKotlin UP-TO-DATE
> Task :gradle-plugin:compileJava NO-SOURCE
> Task :gradle-plugin:pluginDescriptors UP-TO-DATE
> Task :gradle-plugin:processResources
> Task :gradle-plugin:classes
> Task :gradle-plugin:jar
> Task :gradle-plugin:inspectClassesForKotlinIC UP-TO-DATE

> Configure project :react-native-firebase_app
:react-native-firebase_app package.json found at D:\Antigravity\TechnoFusionApp\node_modules\@react-native-firebase\app\package.json
:react-native-firebase_app:firebase.bom using default value: 32.7.1
:react-native-firebase_app:play.play-services-auth using default value: 20.7.0
:react-native-firebase_app package.json found at D:\Antigravity\TechnoFusionApp\node_modules\@react-native-firebase\app\package.json
:react-native-firebase_app:version set from package.json: 18.9.0 (18,9,0 - 18009000)
:react-native-firebase_app:android.compileSdk using custom value: 33
:react-native-firebase_app:android.targetSdk using custom value: 33
:react-native-firebase_app:android.minSdk using custom value: 21
:react-native-firebase_app:reactNativeAndroidDir D:\Antigravity\TechnoFusionApp\node_modules\react-native\android

> Configure project :react-native-firebase_auth
:react-native-firebase_auth package.json found at D:\Antigravity\TechnoFusionApp\node_modules\@react-native-firebase\auth\package.json
:react-native-firebase_app package.json found at D:\Antigravity\TechnoFusionApp\node_modules\@react-native-firebase\app\package.json
:react-native-firebase_auth:firebase.bom using default value: 32.7.1
:react-native-firebase_auth package.json found at D:\Antigravity\TechnoFusionApp\node_modules\@react-native-firebase\auth\package.json
:react-native-firebase_auth:version set from package.json: 18.9.0 (18,9,0 - 18009000)
:react-native-firebase_auth:android.compileSdk using custom value: 33
:react-native-firebase_auth:android.targetSdk using custom value: 33
:react-native-firebase_auth:android.minSdk using custom value: 21
:react-native-firebase_auth:reactNativeAndroidDir D:\Antigravity\TechnoFusionApp\node_modules\react-native\android

> Configure project :react-native-firebase_firestore
:react-native-firebase_firestore package.json found at D:\Antigravity\TechnoFusionApp\node_modules\@react-native-firebase\firestore\package.json
:react-native-firebase_app package.json found at D:\Antigravity\TechnoFusionApp\node_modules\@react-native-firebase\app\package.json
:react-native-firebase_firestore:firebase.bom using default value: 32.7.1
:react-native-firebase_firestore package.json found at D:\Antigravity\TechnoFusionApp\node_modules\@react-native-firebase\firestore\package.json
:react-native-firebase_firestore:version set from package.json: 18.9.0 (18,9,0 - 18009000)
:react-native-firebase_firestore:android.compileSdk using custom value: 33
:react-native-firebase_firestore:android.targetSdk using custom value: 33
:react-native-firebase_firestore:android.minSdk using custom value: 21
:react-native-firebase_firestore:reactNativeAndroidDir D:\Antigravity\TechnoFusionApp\node_modules\react-native\android

> Configure project :react-native-firebase_storage
:react-native-firebase_storage package.json found at D:\Antigravity\TechnoFusionApp\node_modules\@react-native-firebase\storage\package.json
:react-native-firebase_app package.json found at D:\Antigravity\TechnoFusionApp\node_modules\@react-native-firebase\app\package.json
:react-native-firebase_storage:firebase.bom using default value: 32.7.1
:react-native-firebase_storage package.json found at D:\Antigravity\TechnoFusionApp\node_modules\@react-native-firebase\storage\package.json
:react-native-firebase_storage:version set from package.json: 18.9.0 (18,9,0 - 18009000)
:react-native-firebase_storage:android.compileSdk using custom value: 33
:react-native-firebase_storage:android.targetSdk using custom value: 33
:react-native-firebase_storage:android.minSdk using custom value: 21
:react-native-firebase_storage:reactNativeAndroidDir D:\Antigravity\TechnoFusionApp\node_modules\react-native\android

> Task :react-native-firebase_app:preBuild UP-TO-DATE
> Task :react-native-firebase_app:preReleaseBuild UP-TO-DATE
> Task :react-native-firebase_app:compileReleaseAidl NO-SOURCE
> Task :react-native-firebase_auth:preBuild UP-TO-DATE
> Task :react-native-firebase_auth:preReleaseBuild UP-TO-DATE
> Task :react-native-firebase_auth:compileReleaseAidl NO-SOURCE
> Task :react-native-firebase_auth:mergeReleaseJniLibFolders UP-TO-DATE
> Task :react-native-firebase_auth:mergeReleaseNativeLibs NO-SOURCE
> Task :react-native-firebase_auth:stripReleaseDebugSymbols NO-SOURCE
> Task :react-native-firebase_auth:copyReleaseJniLibsProjectAndLocalJars UP-TO-DATE
> Task :react-native-firebase_app:packageReleaseRenderscript NO-SOURCE
> Task :react-native-firebase_auth:compileReleaseRenderscript NO-SOURCE
> Task :react-native-firebase_auth:generateReleaseResValues UP-TO-DATE
> Task :react-native-firebase_auth:extractDeepLinksForAarRelease UP-TO-DATE
> Task :react-native-firebase_app:compileReleaseRenderscript NO-SOURCE
> Task :react-native-firebase_app:generateReleaseBuildConfig UP-TO-DATE
> Task :react-native-firebase_app:generateReleaseResValues UP-TO-DATE
> Task :react-native-firebase_app:generateReleaseResources UP-TO-DATE
> Task :react-native-firebase_app:packageReleaseResources UP-TO-DATE
> Task :react-native-firebase_app:parseReleaseLocalResources UP-TO-DATE
> Task :react-native-firebase_app:processReleaseManifest UP-TO-DATE
> Task :react-native-firebase_app:generateReleaseRFile UP-TO-DATE
> Task :react-native-firebase_app:javaPreCompileRelease UP-TO-DATE
> Task :react-native-firebase_app:compileReleaseJavaWithJavac UP-TO-DATE
> Task :react-native-firebase_app:bundleLibCompileToJarRelease UP-TO-DATE
> Task :react-native-firebase_auth:generateReleaseBuildConfig UP-TO-DATE
> Task :react-native-firebase_auth:generateReleaseResources UP-TO-DATE
> Task :react-native-firebase_auth:packageReleaseResources UP-TO-DATE
> Task :react-native-firebase_auth:parseReleaseLocalResources UP-TO-DATE
> Task :react-native-firebase_auth:processReleaseManifest UP-TO-DATE
> Task :react-native-firebase_auth:generateReleaseRFile UP-TO-DATE
> Task :react-native-firebase_auth:extractReleaseAnnotations UP-TO-DATE
> Task :react-native-firebase_auth:javaPreCompileRelease UP-TO-DATE
> Task :react-native-firebase_auth:compileReleaseJavaWithJavac UP-TO-DATE
> Task :react-native-firebase_auth:mergeReleaseGeneratedProguardFiles UP-TO-DATE
> Task :react-native-firebase_auth:mergeReleaseConsumerProguardFiles UP-TO-DATE
> Task :react-native-firebase_auth:mergeReleaseShaders UP-TO-DATE
> Task :react-native-firebase_auth:compileReleaseShaders NO-SOURCE
> Task :react-native-firebase_auth:generateReleaseAssets UP-TO-DATE
> Task :react-native-firebase_auth:packageReleaseAssets UP-TO-DATE
> Task :react-native-firebase_auth:packageReleaseRenderscript NO-SOURCE
> Task :react-native-firebase_auth:prepareLintJarForPublish UP-TO-DATE
> Task :react-native-firebase_auth:prepareReleaseArtProfile UP-TO-DATE
> Task :react-native-firebase_auth:processReleaseJavaRes NO-SOURCE
> Task :react-native-firebase_auth:mergeReleaseJavaResource UP-TO-DATE
> Task :react-native-firebase_auth:syncReleaseLibJars UP-TO-DATE
> Task :react-native-firebase_auth:writeReleaseAarMetadata UP-TO-DATE
> Task :react-native-firebase_auth:bundleReleaseLocalLintAar UP-TO-DATE
> Task :react-native-firebase_firestore:preBuild UP-TO-DATE
> Task :react-native-firebase_firestore:preReleaseBuild UP-TO-DATE
> Task :react-native-firebase_firestore:compileReleaseAidl NO-SOURCE
> Task :react-native-firebase_firestore:mergeReleaseJniLibFolders UP-TO-DATE
> Task :react-native-firebase_firestore:mergeReleaseNativeLibs NO-SOURCE
> Task :react-native-firebase_firestore:stripReleaseDebugSymbols NO-SOURCE
> Task :react-native-firebase_firestore:copyReleaseJniLibsProjectAndLocalJars UP-TO-DATE
> Task :react-native-firebase_firestore:compileReleaseRenderscript NO-SOURCE
> Task :react-native-firebase_firestore:generateReleaseResValues UP-TO-DATE
> Task :react-native-firebase_firestore:extractDeepLinksForAarRelease UP-TO-DATE
> Task :react-native-firebase_firestore:generateReleaseBuildConfig UP-TO-DATE
> Task :react-native-firebase_firestore:generateReleaseResources UP-TO-DATE
> Task :react-native-firebase_firestore:packageReleaseResources UP-TO-DATE
> Task :react-native-firebase_firestore:parseReleaseLocalResources UP-TO-DATE
> Task :react-native-firebase_firestore:processReleaseManifest UP-TO-DATE
> Task :react-native-firebase_firestore:generateReleaseRFile UP-TO-DATE
> Task :react-native-firebase_firestore:extractReleaseAnnotations UP-TO-DATE
> Task :react-native-firebase_firestore:javaPreCompileRelease UP-TO-DATE
> Task :react-native-firebase_firestore:compileReleaseJavaWithJavac UP-TO-DATE
> Task :react-native-firebase_firestore:mergeReleaseGeneratedProguardFiles UP-TO-DATE
> Task :react-native-firebase_firestore:mergeReleaseConsumerProguardFiles UP-TO-DATE
> Task :react-native-firebase_firestore:mergeReleaseShaders UP-TO-DATE
> Task :react-native-firebase_firestore:compileReleaseShaders NO-SOURCE
> Task :react-native-firebase_firestore:generateReleaseAssets UP-TO-DATE
> Task :react-native-firebase_firestore:packageReleaseAssets UP-TO-DATE
> Task :react-native-firebase_firestore:packageReleaseRenderscript NO-SOURCE
> Task :react-native-firebase_firestore:prepareLintJarForPublish UP-TO-DATE
> Task :react-native-firebase_firestore:prepareReleaseArtProfile UP-TO-DATE
> Task :react-native-firebase_firestore:processReleaseJavaRes NO-SOURCE
> Task :react-native-firebase_firestore:mergeReleaseJavaResource UP-TO-DATE
> Task :react-native-firebase_firestore:syncReleaseLibJars UP-TO-DATE
> Task :react-native-firebase_firestore:writeReleaseAarMetadata UP-TO-DATE
> Task :react-native-firebase_firestore:bundleReleaseLocalLintAar UP-TO-DATE
> Task :react-native-firebase_storage:preBuild UP-TO-DATE
> Task :react-native-firebase_storage:preReleaseBuild UP-TO-DATE
> Task :react-native-firebase_storage:compileReleaseAidl NO-SOURCE
> Task :react-native-firebase_storage:mergeReleaseJniLibFolders UP-TO-DATE
> Task :react-native-firebase_storage:mergeReleaseNativeLibs NO-SOURCE
> Task :react-native-firebase_storage:stripReleaseDebugSymbols NO-SOURCE
> Task :react-native-firebase_storage:copyReleaseJniLibsProjectAndLocalJars UP-TO-DATE
> Task :react-native-firebase_storage:compileReleaseRenderscript NO-SOURCE
> Task :react-native-firebase_storage:generateReleaseResValues UP-TO-DATE
> Task :react-native-firebase_storage:extractDeepLinksForAarRelease UP-TO-DATE
> Task :react-native-firebase_storage:generateReleaseBuildConfig UP-TO-DATE
> Task :react-native-firebase_storage:generateReleaseResources UP-TO-DATE
> Task :react-native-firebase_storage:packageReleaseResources UP-TO-DATE
> Task :react-native-firebase_storage:parseReleaseLocalResources UP-TO-DATE
> Task :react-native-firebase_storage:processReleaseManifest UP-TO-DATE
> Task :react-native-firebase_storage:generateReleaseRFile UP-TO-DATE
> Task :react-native-firebase_storage:extractReleaseAnnotations UP-TO-DATE
> Task :react-native-firebase_storage:javaPreCompileRelease UP-TO-DATE
> Task :react-native-firebase_storage:compileReleaseJavaWithJavac UP-TO-DATE
> Task :react-native-firebase_storage:mergeReleaseGeneratedProguardFiles UP-TO-DATE
> Task :react-native-firebase_storage:mergeReleaseConsumerProguardFiles UP-TO-DATE
> Task :react-native-firebase_storage:mergeReleaseShaders UP-TO-DATE
> Task :react-native-firebase_storage:compileReleaseShaders NO-SOURCE
> Task :react-native-firebase_storage:generateReleaseAssets UP-TO-DATE
> Task :react-native-firebase_storage:packageReleaseAssets UP-TO-DATE
> Task :react-native-firebase_storage:packageReleaseRenderscript NO-SOURCE
> Task :react-native-firebase_storage:prepareLintJarForPublish UP-TO-DATE
> Task :react-native-firebase_storage:prepareReleaseArtProfile UP-TO-DATE
> Task :react-native-firebase_storage:processReleaseJavaRes NO-SOURCE
> Task :react-native-firebase_storage:mergeReleaseJavaResource UP-TO-DATE
> Task :react-native-firebase_storage:syncReleaseLibJars UP-TO-DATE
> Task :react-native-firebase_storage:writeReleaseAarMetadata UP-TO-DATE
> Task :react-native-firebase_storage:bundleReleaseLocalLintAar UP-TO-DATE
> Task :react-native-firebase_app:mergeReleaseJniLibFolders UP-TO-DATE
> Task :react-native-firebase_app:mergeReleaseNativeLibs NO-SOURCE
> Task :react-native-firebase_app:stripReleaseDebugSymbols NO-SOURCE
> Task :react-native-firebase_app:copyReleaseJniLibsProjectAndLocalJars UP-TO-DATE
> Task :react-native-firebase_app:extractDeepLinksForAarRelease UP-TO-DATE
> Task :react-native-firebase_app:extractReleaseAnnotations UP-TO-DATE
> Task :react-native-firebase_app:mergeReleaseGeneratedProguardFiles UP-TO-DATE
> Task :react-native-firebase_app:mergeReleaseConsumerProguardFiles UP-TO-DATE
> Task :react-native-firebase_app:mergeReleaseShaders UP-TO-DATE
> Task :react-native-firebase_app:compileReleaseShaders NO-SOURCE
> Task :react-native-firebase_app:generateReleaseAssets UP-TO-DATE
> Task :react-native-firebase_app:packageReleaseAssets UP-TO-DATE
> Task :react-native-firebase_app:prepareLintJarForPublish UP-TO-DATE
> Task :react-native-firebase_app:prepareReleaseArtProfile UP-TO-DATE
> Task :react-native-firebase_app:processReleaseJavaRes NO-SOURCE
> Task :react-native-firebase_app:mergeReleaseJavaResource UP-TO-DATE
> Task :react-native-firebase_app:syncReleaseLibJars UP-TO-DATE
> Task :react-native-firebase_app:writeReleaseAarMetadata UP-TO-DATE
> Task :react-native-firebase_app:bundleReleaseLocalLintAar UP-TO-DATE
> Task :react-native-image-picker:preBuild UP-TO-DATE
> Task :react-native-image-picker:preReleaseBuild UP-TO-DATE
> Task :react-native-image-picker:compileReleaseAidl NO-SOURCE
> Task :react-native-image-picker:mergeReleaseJniLibFolders UP-TO-DATE
> Task :react-native-image-picker:mergeReleaseNativeLibs NO-SOURCE
> Task :react-native-image-picker:stripReleaseDebugSymbols NO-SOURCE
> Task :react-native-image-picker:copyReleaseJniLibsProjectAndLocalJars UP-TO-DATE
> Task :react-native-image-picker:compileReleaseRenderscript NO-SOURCE
> Task :react-native-image-picker:generateReleaseResValues UP-TO-DATE
> Task :react-native-image-picker:extractDeepLinksForAarRelease UP-TO-DATE
> Task :react-native-image-picker:generateReleaseBuildConfig UP-TO-DATE
> Task :react-native-image-picker:generateReleaseResources UP-TO-DATE
> Task :react-native-image-picker:packageReleaseResources UP-TO-DATE
> Task :react-native-image-picker:parseReleaseLocalResources UP-TO-DATE
> Task :react-native-image-picker:processReleaseManifest UP-TO-DATE
> Task :react-native-image-picker:generateReleaseRFile UP-TO-DATE
> Task :react-native-image-picker:extractReleaseAnnotations UP-TO-DATE
> Task :react-native-image-picker:javaPreCompileRelease UP-TO-DATE
> Task :react-native-image-picker:compileReleaseJavaWithJavac UP-TO-DATE
> Task :react-native-image-picker:mergeReleaseGeneratedProguardFiles UP-TO-DATE
> Task :react-native-image-picker:mergeReleaseConsumerProguardFiles UP-TO-DATE
> Task :react-native-image-picker:mergeReleaseShaders UP-TO-DATE
> Task :react-native-image-picker:compileReleaseShaders NO-SOURCE
> Task :react-native-image-picker:generateReleaseAssets UP-TO-DATE
> Task :react-native-image-picker:packageReleaseAssets UP-TO-DATE
> Task :react-native-image-picker:packageReleaseRenderscript NO-SOURCE
> Task :react-native-image-picker:prepareLintJarForPublish UP-TO-DATE
> Task :react-native-image-picker:prepareReleaseArtProfile UP-TO-DATE
> Task :react-native-image-picker:processReleaseJavaRes NO-SOURCE
> Task :react-native-image-picker:mergeReleaseJavaResource UP-TO-DATE
> Task :react-native-image-picker:syncReleaseLibJars UP-TO-DATE
> Task :react-native-image-picker:writeReleaseAarMetadata UP-TO-DATE
> Task :react-native-image-picker:bundleReleaseLocalLintAar UP-TO-DATE
> Task :react-native-safe-area-context:preBuild UP-TO-DATE
> Task :react-native-safe-area-context:preReleaseBuild UP-TO-DATE
> Task :react-native-safe-area-context:compileReleaseAidl NO-SOURCE
> Task :react-native-safe-area-context:mergeReleaseJniLibFolders UP-TO-DATE
> Task :react-native-safe-area-context:mergeReleaseNativeLibs NO-SOURCE
> Task :react-native-safe-area-context:stripReleaseDebugSymbols NO-SOURCE
> Task :react-native-safe-area-context:copyReleaseJniLibsProjectAndLocalJars UP-TO-DATE
> Task :react-native-safe-area-context:compileReleaseRenderscript NO-SOURCE
> Task :react-native-safe-area-context:generateReleaseResValues UP-TO-DATE
> Task :react-native-safe-area-context:extractDeepLinksForAarRelease UP-TO-DATE
> Task :react-native-safe-area-context:generateReleaseBuildConfig UP-TO-DATE
> Task :react-native-safe-area-context:generateReleaseResources UP-TO-DATE
> Task :react-native-safe-area-context:packageReleaseResources UP-TO-DATE
> Task :react-native-safe-area-context:parseReleaseLocalResources UP-TO-DATE
> Task :react-native-safe-area-context:processReleaseManifest UP-TO-DATE
> Task :react-native-safe-area-context:generateReleaseRFile UP-TO-DATE
> Task :react-native-safe-area-context:compileReleaseKotlin UP-TO-DATE
> Task :react-native-safe-area-context:extractReleaseAnnotations UP-TO-DATE
> Task :react-native-safe-area-context:javaPreCompileRelease UP-TO-DATE
> Task :react-native-safe-area-context:compileReleaseJavaWithJavac UP-TO-DATE
> Task :react-native-safe-area-context:mergeReleaseGeneratedProguardFiles UP-TO-DATE
> Task :react-native-safe-area-context:mergeReleaseConsumerProguardFiles UP-TO-DATE
> Task :react-native-safe-area-context:mergeReleaseShaders UP-TO-DATE
> Task :react-native-safe-area-context:compileReleaseShaders NO-SOURCE
> Task :react-native-safe-area-context:generateReleaseAssets UP-TO-DATE
> Task :react-native-safe-area-context:packageReleaseAssets UP-TO-DATE
> Task :react-native-safe-area-context:packageReleaseRenderscript NO-SOURCE
> Task :react-native-safe-area-context:prepareLintJarForPublish UP-TO-DATE
> Task :react-native-safe-area-context:prepareReleaseArtProfile UP-TO-DATE
> Task :react-native-safe-area-context:processReleaseJavaRes NO-SOURCE
> Task :react-native-safe-area-context:mergeReleaseJavaResource UP-TO-DATE
> Task :react-native-safe-area-context:syncReleaseLibJars UP-TO-DATE
> Task :react-native-safe-area-context:writeReleaseAarMetadata UP-TO-DATE
> Task :react-native-safe-area-context:bundleReleaseLocalLintAar UP-TO-DATE
> Task :react-native-screens:preBuild UP-TO-DATE
> Task :react-native-screens:preReleaseBuild UP-TO-DATE
> Task :react-native-screens:compileReleaseAidl NO-SOURCE
> Task :react-native-screens:configureCMakeRelWithDebInfo[arm64-v8a]
> Task :react-native-screens:buildCMakeRelWithDebInfo[arm64-v8a]
> Task :react-native-screens:configureCMakeRelWithDebInfo[armeabi-v7a]
> Task :react-native-screens:buildCMakeRelWithDebInfo[armeabi-v7a]
> Task :react-native-screens:configureCMakeRelWithDebInfo[x86]
> Task :react-native-screens:buildCMakeRelWithDebInfo[x86]
> Task :react-native-screens:configureCMakeRelWithDebInfo[x86_64]
> Task :react-native-screens:buildCMakeRelWithDebInfo[x86_64]
> Task :react-native-screens:externalNativeBuildRelease
> Task :react-native-screens:mergeReleaseJniLibFolders UP-TO-DATE
> Task :react-native-screens:mergeReleaseNativeLibs UP-TO-DATE
> Task :react-native-screens:stripReleaseDebugSymbols UP-TO-DATE
> Task :react-native-screens:copyReleaseJniLibsProjectAndLocalJars UP-TO-DATE
> Task :react-native-screens:compileReleaseRenderscript NO-SOURCE
> Task :react-native-screens:generateReleaseResValues UP-TO-DATE
> Task :react-native-screens:extractDeepLinksForAarRelease UP-TO-DATE
> Task :react-native-screens:generateReleaseBuildConfig UP-TO-DATE
> Task :react-native-screens:generateReleaseResources UP-TO-DATE
> Task :react-native-screens:packageReleaseResources UP-TO-DATE
> Task :react-native-screens:parseReleaseLocalResources UP-TO-DATE
> Task :react-native-screens:processReleaseManifest UP-TO-DATE
> Task :react-native-screens:generateReleaseRFile UP-TO-DATE
> Task :react-native-screens:javaPreCompileRelease UP-TO-DATE
> Task :react-native-screens:mergeReleaseShaders UP-TO-DATE
> Task :react-native-screens:compileReleaseShaders NO-SOURCE
> Task :react-native-screens:generateReleaseAssets UP-TO-DATE
> Task :react-native-screens:packageReleaseAssets UP-TO-DATE
> Task :react-native-screens:packageReleaseRenderscript NO-SOURCE
> Task :react-native-screens:prepareLintJarForPublish UP-TO-DATE
> Task :react-native-screens:prepareReleaseArtProfile UP-TO-DATE
> Task :react-native-screens:processReleaseJavaRes NO-SOURCE
> Task :react-native-screens:writeReleaseAarMetadata UP-TO-DATE
> Task :react-native-vector-icons:preBuild UP-TO-DATE
> Task :react-native-vector-icons:preReleaseBuild UP-TO-DATE
> Task :react-native-vector-icons:compileReleaseAidl NO-SOURCE
> Task :react-native-vector-icons:mergeReleaseJniLibFolders UP-TO-DATE
> Task :react-native-vector-icons:mergeReleaseNativeLibs NO-SOURCE
> Task :react-native-vector-icons:stripReleaseDebugSymbols NO-SOURCE
> Task :react-native-vector-icons:copyReleaseJniLibsProjectAndLocalJars UP-TO-DATE
> Task :react-native-vector-icons:compileReleaseRenderscript NO-SOURCE
> Task :react-native-vector-icons:generateReleaseResValues UP-TO-DATE
> Task :react-native-vector-icons:extractDeepLinksForAarRelease UP-TO-DATE
> Task :react-native-vector-icons:generateReleaseBuildConfig UP-TO-DATE
> Task :react-native-vector-icons:generateReleaseResources UP-TO-DATE
> Task :react-native-vector-icons:packageReleaseResources UP-TO-DATE
> Task :react-native-vector-icons:parseReleaseLocalResources UP-TO-DATE
> Task :react-native-vector-icons:processReleaseManifest UP-TO-DATE
> Task :react-native-vector-icons:generateReleaseRFile UP-TO-DATE
> Task :react-native-vector-icons:extractReleaseAnnotations UP-TO-DATE
> Task :react-native-vector-icons:javaPreCompileRelease UP-TO-DATE
> Task :react-native-vector-icons:compileReleaseJavaWithJavac UP-TO-DATE
> Task :react-native-vector-icons:mergeReleaseGeneratedProguardFiles UP-TO-DATE
> Task :react-native-vector-icons:mergeReleaseConsumerProguardFiles UP-TO-DATE
> Task :react-native-vector-icons:mergeReleaseShaders UP-TO-DATE
> Task :react-native-vector-icons:compileReleaseShaders NO-SOURCE
> Task :react-native-vector-icons:generateReleaseAssets UP-TO-DATE
> Task :react-native-vector-icons:packageReleaseAssets UP-TO-DATE
> Task :react-native-vector-icons:packageReleaseRenderscript NO-SOURCE
> Task :react-native-vector-icons:prepareLintJarForPublish UP-TO-DATE
> Task :react-native-vector-icons:prepareReleaseArtProfile UP-TO-DATE
> Task :react-native-vector-icons:processReleaseJavaRes NO-SOURCE
> Task :react-native-vector-icons:mergeReleaseJavaResource UP-TO-DATE
> Task :react-native-vector-icons:syncReleaseLibJars UP-TO-DATE
> Task :react-native-vector-icons:writeReleaseAarMetadata UP-TO-DATE
> Task :react-native-vector-icons:bundleReleaseLocalLintAar UP-TO-DATE
> Task :app:buildCodegenCLI SKIPPED
> Task :app:generateCodegenSchemaFromJavaScript SKIPPED
> Task :app:generateCodegenArtifactsFromSchema SKIPPED
> Task :app:generatePackageList
> Task :app:preBuild
> Task :app:preReleaseBuild
> Task :app:compileReleaseAidl NO-SOURCE
> Task :app:compileReleaseRenderscript NO-SOURCE
> Task :app:generateReleaseBuildConfig UP-TO-DATE
> Task :app:javaPreCompileRelease UP-TO-DATE
> Task :app:checkReleaseAarMetadata UP-TO-DATE
> Task :app:createBundleReleaseJsAndAssets UP-TO-DATE
> Task :app:generateReleaseResValues
> Task :app:processReleaseGoogleServices
> Task :app:mapReleaseSourceSetPaths
> Task :app:generateReleaseResources

> Task :react-native-screens:compileReleaseKotlin
'compileReleaseJavaWithJavac' task (current target is 11) and 'compileReleaseKotlin' task (current target is 17) jvm target compatibility should be set to the same Java version.
Consider using JVM toolchain: https://kotl.in/gradle/jvm/toolchain


> Task :app:createReleaseCompatibleScreenManifests
> Task :app:extractDeepLinksRelease
> Task :react-native-firebase_app:extractDeepLinksRelease
> Task :react-native-firebase_auth:extractDeepLinksRelease
> Task :react-native-firebase_firestore:extractDeepLinksRelease
> Task :react-native-firebase_storage:extractDeepLinksRelease
> Task :react-native-image-picker:extractDeepLinksRelease
> Task :react-native-safe-area-context:extractDeepLinksRelease
> Task :react-native-screens:extractDeepLinksRelease
> Task :react-native-vector-icons:extractDeepLinksRelease
> Task :app:processReleaseMainManifest
> Task :app:processReleaseManifest
> Task :react-native-firebase_app:compileReleaseLibraryResources

> Task :react-native-screens:compileReleaseKotlin FAILED
.\gradlew : e: file:///D:/Antigravity
/TechnoFusionApp/node_modules/react-n
ative-screens/android/src/main/java/c
om/swmansion/rnscreens/RNScreensPacka
ge.kt:3:27 Unresolved reference: 
BaseReactPackage
At line:1 char:112
+ ... cd android; .\gradlew 
assembleRelease --stacktrace > 
build_error2.log ...
+                 ~~~~~~~~~~~~~~~~~~~
~~~~~~~~~~~~~~~~~~~~~~~~~~~~~~~~~~~~~
~
    + CategoryInfo          : NotSp  
  ecified: (e: file:///D:/A...ase    
ReactPackage:String) [], Remote    
Exception
    + FullyQualifiedErrorId : Nativ  
  eCommandError
 
e: file:///D:/Antigravity/TechnoFusio
nApp/node_modules/react-native-screen
s/android/src/main/java/com/swmansion
/rnscreens/RNScreensPackage.kt:19:26 
Unresolved reference: 
BaseReactPackage
e: file:///D:/Antigravity/TechnoFusio
nApp/node_modules/react-native-screen
s/android/src/main/java/com/swmansion
/rnscreens/RNScreensPackage.kt:24:5 
'createViewManagers' overrides 
nothing
e: file:///D:/Antigravity/TechnoFusio
nApp/node_modules/react-native-screen
s/android/src/main/java/com/swmansion
/rnscreens/RNScreensPackage.kt:45:5 
'getModule' overrides nothing
e: file:///D:/Antigravity/TechnoFusio
nApp/node_modules/react-native-screen
s/android/src/main/java/com/swmansion
/rnscreens/RNScreensPackage.kt:55:5 
'getReactModuleInfoProvider' 
overrides nothing

> Task :app:mergeReleaseResources
> Task :app:writeReleaseApplicationId UP-TO-DATE
> Task :react-native-firebase_auth:compileReleaseLibraryResources
> Task :app:analyticsRecordingRelease
> Task :app:processReleaseManifestForPackage

FAILURE: Build failed with an 
exception.

* What went wrong:
Execution failed for task ':react-nat
ive-screens:compileReleaseKotlin'.
> A failure occurred while executing 
org.jetbrains.kotlin.compilerRunner.G
radleCompilerRunnerWithWorkers$Gradle
KotlinCompilerWorkAction
   > Compilation error. See log for 
more details

* Try:
> Run with --info or --debug option 
to get more log output.
> Run with --scan to get full 
insights.

* Exception is:
org.gradle.api.tasks.TaskExecutionExc
eption: Execution failed for task ':r
eact-native-screens:compileReleaseKot
lin'.
	at org.gradle.api.internal.tasks.exe
cution.ExecuteActionsTaskExecuter.lam
bda$executeIfValid$1(ExecuteActionsTa
skExecuter.java:149)
	at org.gradle.internal.Try$Failure.i
fSuccessfulOrElse(Try.java:282)
	at org.gradle.api.internal.tasks.exe
cution.ExecuteActionsTaskExecuter.exe
cuteIfValid(ExecuteActionsTaskExecute
r.java:147)
	at org.gradle.api.internal.tasks.exe
cution.ExecuteActionsTaskExecuter.exe
cute(ExecuteActionsTaskExecuter.java:
135)
	at org.gradle.api.internal.tasks.exe
cution.FinalizePropertiesTaskExecuter
.execute(FinalizePropertiesTaskExecut
er.java:46)
	at org.gradle.api.internal.tasks.exe
cution.ResolveTaskExecutionModeExecut
er.execute(ResolveTaskExecutionModeEx
ecuter.java:51)
	at org.gradle.api.internal.tasks.exe
cution.SkipTaskWithNoActionsExecuter.
execute(SkipTaskWithNoActionsExecuter
.java:57)
	at org.gradle.api.internal.tasks.exe
cution.SkipOnlyIfTaskExecuter.execute
(SkipOnlyIfTaskExecuter.java:74)
	at org.gradle.api.internal.tasks.exe
cution.CatchExceptionTaskExecuter.exe
cute(CatchExceptionTaskExecuter.java:
36)
	at org.gradle.api.internal.tasks.exe
cution.EventFiringTaskExecuter$1.exec
uteTask(EventFiringTaskExecuter.java:
77)
	at org.gradle.api.internal.tasks.exe
cution.EventFiringTaskExecuter$1.call
(EventFiringTaskExecuter.java:55)
	at org.gradle.api.internal.tasks.exe
cution.EventFiringTaskExecuter$1.call
(EventFiringTaskExecuter.java:52)
	at org.gradle.internal.operations.De
faultBuildOperationRunner$CallableBui
ldOperationWorker.execute(DefaultBuil
dOperationRunner.java:204)
	at org.gradle.internal.operations.De
faultBuildOperationRunner$CallableBui
ldOperationWorker.execute(DefaultBuil
dOperationRunner.java:199)
	at org.gradle.internal.operations.De
faultBuildOperationRunner$2.execute(D
efaultBuildOperationRunner.java:66)
	at org.gradle.internal.operations.De
faultBuildOperationRunner$2.execute(D
efaultBuildOperationRunner.java:59)
	at org.gradle.internal.operations.De
faultBuildOperationRunner.execute(Def
aultBuildOperationRunner.java:157)
	at org.gradle.internal.operations.De
faultBuildOperationRunner.execute(Def
aultBuildOperationRunner.java:59)
	at org.gradle.internal.operations.De
faultBuildOperationRunner.call(Defaul
tBuildOperationRunner.java:53)
	at org.gradle.internal.operations.De
faultBuildOperationExecutor.call(Defa
ultBuildOperationExecutor.java:73)
	at org.gradle.api.internal.tasks.exe
cution.EventFiringTaskExecuter.execut
e(EventFiringTaskExecuter.java:52)
	at org.gradle.execution.plan.LocalTa
skNodeExecutor.execute(LocalTaskNodeE
xecutor.java:42)
	at org.gradle.execution.taskgraph.De
faultTaskExecutionGraph$InvokeNodeExe
cutorsAction.execute(DefaultTaskExecu
tionGraph.java:338)
	at org.gradle.execution.taskgraph.De
faultTaskExecutionGraph$InvokeNodeExe
cutorsAction.execute(DefaultTaskExecu
tionGraph.java:325)
	at org.gradle.execution.taskgraph.De
faultTaskExecutionGraph$BuildOperatio
nAwareExecutionAction.execute(Default
TaskExecutionGraph.java:318)
	at org.gradle.execution.taskgraph.De
faultTaskExecutionGraph$BuildOperatio
nAwareExecutionAction.execute(Default
TaskExecutionGraph.java:304)
	at org.gradle.execution.plan.Default
PlanExecutor$ExecutorWorker.execute(D
efaultPlanExecutor.java:463)
	at org.gradle.execution.plan.Default
PlanExecutor$ExecutorWorker.run(Defau
ltPlanExecutor.java:380)
	at org.gradle.internal.concurrent.Ex
ecutorPolicy$CatchAndRecordFailures.o
nExecute(ExecutorPolicy.java:64)
	at org.gradle.internal.concurrent.Ma
nagedExecutorImpl$1.run(ManagedExecut
orImpl.java:49)
Caused by: org.gradle.workers.interna
l.DefaultWorkerExecutor$WorkExecution
Exception: A failure occurred while 
executing org.jetbrains.kotlin.compil
erRunner.GradleCompilerRunnerWithWork
ers$GradleKotlinCompilerWorkAction
	at org.gradle.workers.internal.Defau
ltWorkerExecutor$WorkItemExecution.wa
itForCompletion(DefaultWorkerExecutor
.java:283)
	at org.gradle.internal.work.DefaultA
syncWorkTracker.lambda$waitForItemsAn
dGatherFailures$2(DefaultAsyncWorkTra
cker.java:130)
	at org.gradle.internal.Factories$1.c
reate(Factories.java:31)
	at org.gradle.internal.work.DefaultW
orkerLeaseService.withoutLocks(Defaul
tWorkerLeaseService.java:321)
	at org.gradle.internal.work.DefaultW
orkerLeaseService.withoutLocks(Defaul
tWorkerLeaseService.java:304)
	at org.gradle.internal.work.DefaultW
orkerLeaseService.withoutLock(Default
WorkerLeaseService.java:309)
	at org.gradle.internal.work.DefaultA
syncWorkTracker.waitForItemsAndGather
Failures(DefaultAsyncWorkTracker.java
:126)
	at org.gradle.internal.work.DefaultA
syncWorkTracker.waitForItemsAndGather
Failures(DefaultAsyncWorkTracker.java
:92)
	at org.gradle.internal.work.DefaultA
syncWorkTracker.waitForAll(DefaultAsy
ncWorkTracker.java:78)
	at org.gradle.internal.work.DefaultA
syncWorkTracker.waitForCompletion(Def
aultAsyncWorkTracker.java:66)
	at org.gradle.api.internal.tasks.exe
cution.TaskExecution$3.run(TaskExecut
ion.java:250)
	at org.gradle.internal.operations.De
faultBuildOperationRunner$1.execute(D
efaultBuildOperationRunner.java:29)
	at org.gradle.internal.operations.De
faultBuildOperationRunner$1.execute(D
efaultBuildOperationRunner.java:26)
	at org.gradle.internal.operations.De
faultBuildOperationRunner$2.execute(D
efaultBuildOperationRunner.java:66)
	at org.gradle.internal.operations.De
faultBuildOperationRunner$2.execute(D
efaultBuildOperationRunner.java:59)
	at org.gradle.internal.operations.De
faultBuildOperationRunner.execute(Def
aultBuildOperationRunner.java:157)
	at org.gradle.internal.operations.De
faultBuildOperationRunner.execute(Def
aultBuildOperationRunner.java:59)
	at org.gradle.internal.operations.De
faultBuildOperationRunner.run(Default
BuildOperationRunner.java:47)
	at org.gradle.internal.operations.De
faultBuildOperationExecutor.run(Defau
ltBuildOperationExecutor.java:68)
	at org.gradle.api.internal.tasks.exe
cution.TaskExecution.executeAction(Ta
skExecution.java:227)
	at org.gradle.api.internal.tasks.exe
cution.TaskExecution.executeActions(T
askExecution.java:210)
	at org.gradle.api.internal.tasks.exe
cution.TaskExecution.executeWithPrevi
ousOutputFiles(TaskExecution.java:193
)
	at org.gradle.api.internal.tasks.exe
cution.TaskExecution.execute(TaskExec
ution.java:166)
	at org.gradle.internal.execution.ste
ps.ExecuteStep.executeInternal(Execut
eStep.java:93)
	at org.gradle.internal.execution.ste
ps.ExecuteStep.access$000(ExecuteStep
.java:44)
	at org.gradle.internal.execution.ste
ps.ExecuteStep$1.call(ExecuteStep.jav
a:57)
	at org.gradle.internal.execution.ste
ps.ExecuteStep$1.call(ExecuteStep.jav
a:54)
	at org.gradle.internal.operations.De
faultBuildOperationRunner$CallableBui
ldOperationWorker.execute(DefaultBuil
dOperationRunner.java:204)
	at org.gradle.internal.operations.De
faultBuildOperationRunner$CallableBui
ldOperationWorker.execute(DefaultBuil
dOperationRunner.java:199)
	at org.gradle.internal.operations.De
faultBuildOperationRunner$2.execute(D
efaultBuildOperationRunner.java:66)
	at org.gradle.internal.operations.De
faultBuildOperationRunner$2.execute(D
efaultBuildOperationRunner.java:59)
	at org.gradle.internal.operations.De
faultBuildOperationRunner.execute(Def
aultBuildOperationRunner.java:157)
	at org.gradle.internal.operations.De
faultBuildOperationRunner.execute(Def
aultBuildOperationRunner.java:59)
	at org.gradle.internal.operations.De
faultBuildOperationRunner.call(Defaul
tBuildOperationRunner.java:53)
	at org.gradle.internal.operations.De
faultBuildOperationExecutor.call(Defa
ultBuildOperationExecutor.java:73)
	at org.gradle.internal.execution.ste
ps.ExecuteStep.execute(ExecuteStep.ja
va:54)
	at org.gradle.internal.execution.ste
ps.ExecuteStep.execute(ExecuteStep.ja
va:44)
	at org.gradle.internal.execution.ste
ps.RemovePreviousOutputsStep.execute(
RemovePreviousOutputsStep.java:67)
	at org.gradle.internal.execution.ste
ps.RemovePreviousOutputsStep.execute(
RemovePreviousOutputsStep.java:37)
	at org.gradle.internal.execution.ste
ps.CancelExecutionStep.execute(Cancel
ExecutionStep.java:41)
	at org.gradle.internal.execution.ste
ps.TimeoutStep.executeWithoutTimeout(
TimeoutStep.java:74)
	at org.gradle.internal.execution.ste
ps.TimeoutStep.execute(TimeoutStep.ja
va:55)
	at org.gradle.internal.execution.ste
ps.CreateOutputsStep.execute(CreateOu
tputsStep.java:50)
	at org.gradle.internal.execution.ste
ps.CreateOutputsStep.execute(CreateOu
tputsStep.java:28)
	at org.gradle.internal.execution.ste
ps.CaptureStateAfterExecutionStep.exe
cuteDelegateBroadcastingChanges(Captu
reStateAfterExecutionStep.java:100)
	at org.gradle.internal.execution.ste
ps.CaptureStateAfterExecutionStep.exe
cute(CaptureStateAfterExecutionStep.j
ava:72)
	at org.gradle.internal.execution.ste
ps.CaptureStateAfterExecutionStep.exe
cute(CaptureStateAfterExecutionStep.j
ava:50)
	at org.gradle.internal.execution.ste
ps.ResolveInputChangesStep.execute(Re
solveInputChangesStep.java:40)
	at org.gradle.internal.execution.ste
ps.ResolveInputChangesStep.execute(Re
solveInputChangesStep.java:29)
	at org.gradle.internal.execution.ste
ps.BuildCacheStep.executeWithoutCache
(BuildCacheStep.java:166)
	at org.gradle.internal.execution.ste
ps.BuildCacheStep.lambda$execute$1(Bu
ildCacheStep.java:70)
	at org.gradle.internal.Either$Right.
fold(Either.java:175)
	at org.gradle.internal.execution.cac
hing.CachingState.fold(CachingState.j
ava:59)
	at org.gradle.internal.execution.ste
ps.BuildCacheStep.execute(BuildCacheS
tep.java:68)
	at org.gradle.internal.execution.ste
ps.BuildCacheStep.execute(BuildCacheS
tep.java:46)
	at org.gradle.internal.execution.ste
ps.StoreExecutionStateStep.execute(St
oreExecutionStateStep.java:36)
	at org.gradle.internal.execution.ste
ps.StoreExecutionStateStep.execute(St
oreExecutionStateStep.java:25)
	at org.gradle.internal.execution.ste
ps.RecordOutputsStep.execute(RecordOu
tputsStep.java:36)
	at org.gradle.internal.execution.ste
ps.RecordOutputsStep.execute(RecordOu
tputsStep.java:22)
	at org.gradle.internal.execution.ste
ps.SkipUpToDateStep.executeBecause(Sk
ipUpToDateStep.java:91)
	at org.gradle.internal.execution.ste
ps.SkipUpToDateStep.lambda$execute$2(
SkipUpToDateStep.java:55)
	at org.gradle.internal.execution.ste
ps.SkipUpToDateStep.execute(SkipUpToD
ateStep.java:55)
	at org.gradle.internal.execution.ste
ps.SkipUpToDateStep.execute(SkipUpToD
ateStep.java:37)
	at org.gradle.internal.execution.ste
ps.ResolveChangesStep.execute(Resolve
ChangesStep.java:65)
	at org.gradle.internal.execution.ste
ps.ResolveChangesStep.execute(Resolve
ChangesStep.java:36)
	at org.gradle.internal.execution.ste
ps.legacy.MarkSnapshottingInputsFinis
hedStep.execute(MarkSnapshottingInput
sFinishedStep.java:37)
	at org.gradle.internal.execution.ste
ps.legacy.MarkSnapshottingInputsFinis
hedStep.execute(MarkSnapshottingInput
sFinishedStep.java:27)
	at org.gradle.internal.execution.ste
ps.ResolveCachingStateStep.execute(Re
solveCachingStateStep.java:76)
	at org.gradle.internal.execution.ste
ps.ResolveCachingStateStep.execute(Re
solveCachingStateStep.java:37)
	at org.gradle.internal.execution.ste
ps.ValidateStep.execute(ValidateStep.
java:94)
	at org.gradle.internal.execution.ste
ps.ValidateStep.execute(ValidateStep.
java:49)
	at org.gradle.internal.execution.ste
ps.CaptureStateBeforeExecutionStep.ex
ecute(CaptureStateBeforeExecutionStep
.java:71)
	at org.gradle.internal.execution.ste
ps.CaptureStateBeforeExecutionStep.ex
ecute(CaptureStateBeforeExecutionStep
.java:45)
	at org.gradle.internal.execution.ste
ps.SkipEmptyWorkStep.executeWithNonEm
ptySources(SkipEmptyWorkStep.java:177
)
	at org.gradle.internal.execution.ste
ps.SkipEmptyWorkStep.execute(SkipEmpt
yWorkStep.java:86)
	at org.gradle.internal.execution.ste
ps.SkipEmptyWorkStep.execute(SkipEmpt
yWorkStep.java:53)
	at org.gradle.internal.execution.ste
ps.RemoveUntrackedExecutionStateStep.
execute(RemoveUntrackedExecutionState
Step.java:32)
	at org.gradle.internal.execution.ste
ps.RemoveUntrackedExecutionStateStep.
execute(RemoveUntrackedExecutionState
Step.java:21)
	at org.gradle.internal.execution.ste
ps.legacy.MarkSnapshottingInputsStart
edStep.execute(MarkSnapshottingInputs
StartedStep.java:38)
	at org.gradle.internal.execution.ste
ps.LoadPreviousExecutionStateStep.exe
cute(LoadPreviousExecutionStateStep.j
ava:36)
	at org.gradle.internal.execution.ste
ps.LoadPreviousExecutionStateStep.exe
cute(LoadPreviousExecutionStateStep.j
ava:23)
	at org.gradle.internal.execution.ste
ps.CleanupStaleOutputsStep.execute(Cl
eanupStaleOutputsStep.java:75)
	at org.gradle.internal.execution.ste
ps.CleanupStaleOutputsStep.execute(Cl
eanupStaleOutputsStep.java:41)
	at org.gradle.internal.execution.ste
ps.AssignWorkspaceStep.lambda$execute
$0(AssignWorkspaceStep.java:32)
	at org.gradle.api.internal.tasks.exe
cution.TaskExecution$4.withWorkspace(
TaskExecution.java:287)
	at org.gradle.internal.execution.ste
ps.AssignWorkspaceStep.execute(Assign
WorkspaceStep.java:30)
	at org.gradle.internal.execution.ste
ps.AssignWorkspaceStep.execute(Assign
WorkspaceStep.java:21)
	at org.gradle.internal.execution.ste
ps.IdentityCacheStep.execute(Identity
CacheStep.java:37)
	at org.gradle.internal.execution.ste
ps.IdentityCacheStep.execute(Identity
CacheStep.java:27)

Deprecated Gradle features were used in this build, making it incompatible with Gradle 9.0.

You can use '--warning-mode all' to show the individual deprecation warnings and determine if they come from your own scripts or plugins.

See https://docs.gradle.org/8.0.1/userguide/command_line_interface.html#sec:command_line_warnings
214 actionable tasks: 33 executed, 181 up-to-date
	at org.gradle.internal.execution.ste
ps.IdentifyStep.execute(IdentifyStep.
java:42)
	at org.gradle.internal.execution.ste
ps.IdentifyStep.execute(IdentifyStep.
java:31)
	at org.gradle.internal.execution.imp
l.DefaultExecutionEngine$1.execute(De
faultExecutionEngine.java:64)
	at org.gradle.api.internal.tasks.exe
cution.ExecuteActionsTaskExecuter.exe
cuteIfValid(ExecuteActionsTaskExecute
r.java:146)
	at org.gradle.api.internal.tasks.exe
cution.ExecuteActionsTaskExecuter.exe
cute(ExecuteActionsTaskExecuter.java:
135)
	at org.gradle.api.internal.tasks.exe
cution.FinalizePropertiesTaskExecuter
.execute(FinalizePropertiesTaskExecut
er.java:46)
	at org.gradle.api.internal.tasks.exe
cution.ResolveTaskExecutionModeExecut
er.execute(ResolveTaskExecutionModeEx
ecuter.java:51)
	at org.gradle.api.internal.tasks.exe
cution.SkipTaskWithNoActionsExecuter.
execute(SkipTaskWithNoActionsExecuter
.java:57)
	at org.gradle.api.internal.tasks.exe
cution.SkipOnlyIfTaskExecuter.execute
(SkipOnlyIfTaskExecuter.java:74)
	at org.gradle.api.internal.tasks.exe
cution.CatchExceptionTaskExecuter.exe
cute(CatchExceptionTaskExecuter.java:
36)
	at org.gradle.api.internal.tasks.exe
cution.EventFiringTaskExecuter$1.exec
uteTask(EventFiringTaskExecuter.java:
77)
	at org.gradle.api.internal.tasks.exe
cution.EventFiringTaskExecuter$1.call
(EventFiringTaskExecuter.java:55)
	at org.gradle.api.internal.tasks.exe
cution.EventFiringTaskExecuter$1.call
(EventFiringTaskExecuter.java:52)
	at org.gradle.internal.operations.De
faultBuildOperationRunner$CallableBui
ldOperationWorker.execute(DefaultBuil
dOperationRunner.java:204)
	at org.gradle.internal.operations.De
faultBuildOperationRunner$CallableBui
ldOperationWorker.execute(DefaultBuil
dOperationRunner.java:199)
	at org.gradle.internal.operations.De
faultBuildOperationRunner$2.execute(D
efaultBuildOperationRunner.java:66)
	at org.gradle.internal.operations.De
faultBuildOperationRunner$2.execute(D
efaultBuildOperationRunner.java:59)
	at org.gradle.internal.operations.De
faultBuildOperationRunner.execute(Def
aultBuildOperationRunner.java:157)
	at org.gradle.internal.operations.De
faultBuildOperationRunner.execute(Def
aultBuildOperationRunner.java:59)
	at org.gradle.internal.operations.De
faultBuildOperationRunner.call(Defaul
tBuildOperationRunner.java:53)
	at org.gradle.internal.operations.De
faultBuildOperationExecutor.call(Defa
ultBuildOperationExecutor.java:73)
	at org.gradle.api.internal.tasks.exe
cution.EventFiringTaskExecuter.execut
e(EventFiringTaskExecuter.java:52)
	at org.gradle.execution.plan.LocalTa
skNodeExecutor.execute(LocalTaskNodeE
xecutor.java:42)
	at org.gradle.execution.taskgraph.De
faultTaskExecutionGraph$InvokeNodeExe
cutorsAction.execute(DefaultTaskExecu
tionGraph.java:338)
	at org.gradle.execution.taskgraph.De
faultTaskExecutionGraph$InvokeNodeExe
cutorsAction.execute(DefaultTaskExecu
tionGraph.java:325)
	at org.gradle.execution.taskgraph.De
faultTaskExecutionGraph$BuildOperatio
nAwareExecutionAction.execute(Default
TaskExecutionGraph.java:318)
	at org.gradle.execution.taskgraph.De
faultTaskExecutionGraph$BuildOperatio
nAwareExecutionAction.execute(Default
TaskExecutionGraph.java:304)
	at org.gradle.execution.plan.Default
PlanExecutor$ExecutorWorker.execute(D
efaultPlanExecutor.java:463)
	at org.gradle.execution.plan.Default
PlanExecutor$ExecutorWorker.run(Defau
ltPlanExecutor.java:380)
	at org.gradle.internal.concurrent.Ex
ecutorPolicy$CatchAndRecordFailures.o
nExecute(ExecutorPolicy.java:64)
	at org.gradle.internal.concurrent.Ma
nagedExecutorImpl$1.run(ManagedExecut
orImpl.java:49)
Caused by: org.jetbrains.kotlin.gradl
e.tasks.CompilationErrorException: 
Compilation error. See log for more 
details
	at org.jetbrains.kotlin.gradle.tasks
.TasksUtilsKt.throwExceptionIfCompila
tionFailed(tasksUtils.kt:22)
	at org.jetbrains.kotlin.compilerRunn
er.GradleKotlinCompilerWork.run(Gradl
eKotlinCompilerWork.kt:128)
	at org.jetbrains.kotlin.compilerRunn
er.GradleCompilerRunnerWithWorkers$Gr
adleKotlinCompilerWorkAction.execute(
GradleCompilerRunnerWithWorkers.kt:74
)
	at org.gradle.workers.internal.Defau
ltWorkerServer.execute(DefaultWorkerS
erver.java:63)
	at org.gradle.workers.internal.NoIso
lationWorkerFactory$1$1.create(NoIsol
ationWorkerFactory.java:66)
	at org.gradle.workers.internal.NoIso
lationWorkerFactory$1$1.create(NoIsol
ationWorkerFactory.java:62)
	at org.gradle.internal.classloader.C
lassLoaderUtils.executeInClassloader(
ClassLoaderUtils.java:100)
	at org.gradle.workers.internal.NoIso
lationWorkerFactory$1.lambda$execute$
0(NoIsolationWorkerFactory.java:62)
	at org.gradle.workers.internal.Abstr
actWorker$1.call(AbstractWorker.java:
44)
	at org.gradle.workers.internal.Abstr
actWorker$1.call(AbstractWorker.java:
41)
	at org.gradle.internal.operations.De
faultBuildOperationRunner$CallableBui
ldOperationWorker.execute(DefaultBuil
dOperationRunner.java:204)
	at org.gradle.internal.operations.De
faultBuildOperationRunner$CallableBui
ldOperationWorker.execute(DefaultBuil
dOperationRunner.java:199)
	at org.gradle.internal.operations.De
faultBuildOperationRunner$2.execute(D
efaultBuildOperationRunner.java:66)
	at org.gradle.internal.operations.De
faultBuildOperationRunner$2.execute(D
efaultBuildOperationRunner.java:59)
	at org.gradle.internal.operations.De
faultBuildOperationRunner.execute(Def
aultBuildOperationRunner.java:157)
	at org.gradle.internal.operations.De
faultBuildOperationRunner.execute(Def
aultBuildOperationRunner.java:59)
	at org.gradle.internal.operations.De
faultBuildOperationRunner.call(Defaul
tBuildOperationRunner.java:53)
	at org.gradle.internal.operations.De
faultBuildOperationExecutor.call(Defa
ultBuildOperationExecutor.java:73)
	at org.gradle.workers.internal.Abstr
actWorker.executeWrappedInBuildOperat
ion(AbstractWorker.java:41)
	at org.gradle.workers.internal.NoIso
lationWorkerFactory$1.execute(NoIsola
tionWorkerFactory.java:59)
	at org.gradle.workers.internal.Defau
ltWorkerExecutor.lambda$submitWork$0(
DefaultWorkerExecutor.java:169)
	at org.gradle.internal.work.DefaultC
onditionalExecutionQueue$ExecutionRun
ner.runExecution(DefaultConditionalEx
ecutionQueue.java:187)
	at org.gradle.internal.work.DefaultC
onditionalExecutionQueue$ExecutionRun
ner.access$700(DefaultConditionalExec
utionQueue.java:120)
	at org.gradle.internal.work.DefaultC
onditionalExecutionQueue$ExecutionRun
ner$1.run(DefaultConditionalExecution
Queue.java:162)
	at org.gradle.internal.Factories$1.c
reate(Factories.java:31)
	at org.gradle.internal.work.DefaultW
orkerLeaseService.withLocks(DefaultWo
rkerLeaseService.java:249)
	at org.gradle.internal.work.DefaultW
orkerLeaseService.runAsWorkerThread(D
efaultWorkerLeaseService.java:109)
	at org.gradle.internal.work.DefaultW
orkerLeaseService.runAsWorkerThread(D
efaultWorkerLeaseService.java:114)
	at org.gradle.internal.work.DefaultC
onditionalExecutionQueue$ExecutionRun
ner.runBatch(DefaultConditionalExecut
ionQueue.java:157)
	at org.gradle.internal.work.DefaultC
onditionalExecutionQueue$ExecutionRun
ner.run(DefaultConditionalExecutionQu
eue.java:126)
	... 2 more


* Get more help at 
https://help.gradle.org

BUILD FAILED in 54s
